<?xml version="1.0" encoding="UTF-8"?>
<!-- Generated by org.testng.reporters.JUnitReportReporter -->
<testsuite hostname="DESKTOP-D74KA6V" failures="0" tests="1" name="com.travelgoibibo.com.testcases.TC_LogHotelTitle_001" time="63.194" errors="0" timestamp="2022-05-29T02:03:20 IST" skipped="0">
  <testcase classname="com.travelgoibibo.com.testcases.TC_LogHotelTitle_001" name="searchhotel" time="63.194"/>
  <system-out>
    <![CDATA[No. of hotels10
Hotel Names]]>
  </system-out>
</testsuite> <!-- com.travelgoibibo.com.testcases.TC_LogHotelTitle_001 -->
